Build started 6/2/2016 11:17:41 AM.
     1>Project "D:\Users\spc1802\graphics-glfw-bezierCurve-tutorial\Bezier_Curve-GLFW\Bezier_Curve-GLFW\Bezier_Curve-GLFW.vcxproj" on node 2 (Build target(s)).
     1>ClCompile:
         C:\Program Files (x86)\Microsoft Visual Studio 12.0\VC\bin\CL.exe /c /ZI /nologo /W3 /WX- /Od /Oy- /D WIN32 /D _DEBUG /D _CONSOLE /D _LIB /D _UNICODE /D UNICODE /Gm /EHsc /RTC1 /MDd /GS /fp:precise /Zc:wchar_t /Zc:forScope /Fo"Debug\\" /Fd"Debug\vc120.pdb" /Gd /TP /analyze- /errorReport:prompt BezierCurve.cpp Init_Shader.cpp InputManager.cpp InteractiveShape.cpp main.cpp RenderManager.cpp RenderShape.cpp
         RenderShape.cpp
         RenderManager.cpp
         main.cpp
         InteractiveShape.cpp
     1>d:\users\spc1802\graphics-glfw-beziercurve-tutorial\bezier_curve-glfw\bezier_curve-glfw\interactiveshape.cpp(92): warning C4172: returning address of local variable or temporary
         InputManager.cpp
         Init_Shader.cpp
         BezierCurve.cpp
         Generating Code...
       Link:
         C:\Program Files (x86)\Microsoft Visual Studio 12.0\VC\bin\link.exe /ERRORREPORT:PROMPT /OUT:"D:\Users\spc1802\graphics-glfw-bezierCurve-tutorial\Bezier_Curve-GLFW\Debug\Bezier_Curve-GLFW.exe" /INCREMENTAL /NOLOGO opengl32.lib glew32.lib glfw3.lib kernel32.lib user32.lib gdi32.lib winspool.lib comdlg32.lib advapi32.lib shell32.lib ole32.lib oleaut32.lib uuid.lib odbc32.lib odbccp32.lib /MANIFEST /MANIFESTUAC:"level='asInvoker' uiAccess='false'" /manifest:embed /DEBUG /PDB:"D:\Users\spc1802\graphics-glfw-bezierCurve-tutorial\Bezier_Curve-GLFW\Debug\Bezier_Curve-GLFW.pdb" /SUBSYSTEM:CONSOLE /TLBID:1 /DYNAMICBASE /NXCOMPAT /IMPLIB:"D:\Users\spc1802\graphics-glfw-bezierCurve-tutorial\Bezier_Curve-GLFW\Debug\Bezier_Curve-GLFW.lib" /MACHINE:X86 Debug\BezierCurve.obj
         Debug\Init_Shader.obj
         Debug\InputManager.obj
         Debug\InteractiveShape.obj
         Debug\main.obj
         Debug\RenderManager.obj
         Debug\RenderShape.obj
         LINK : D:\Users\spc1802\graphics-glfw-bezierCurve-tutorial\Bezier_Curve-GLFW\Debug\Bezier_Curve-GLFW.exe not found or not built by the last incremental link; performing full link
     1>LINK : warning LNK4098: defaultlib 'MSVCRT' conflicts with use of other libs; use /NODEFAULTLIB:library
         Bezier_Curve-GLFW.vcxproj -> D:\Users\spc1802\graphics-glfw-bezierCurve-tutorial\Bezier_Curve-GLFW\Debug\Bezier_Curve-GLFW.exe
     1>Done Building Project "D:\Users\spc1802\graphics-glfw-bezierCurve-tutorial\Bezier_Curve-GLFW\Bezier_Curve-GLFW\Bezier_Curve-GLFW.vcxproj" (Build target(s)).

Build succeeded.

Time Elapsed 00:00:04.90
